0 info it worked if it ends with ok
1 verbose cli [ '/usr/local/bin/node',
1 verbose cli   '/usr/local/bin/npm',
1 verbose cli   'install',
1 verbose cli   '-g',
1 verbose cli   'nodemon' ]
2 info using npm@1.3.21
3 info using node@v0.10.24
4 verbose cache add [ 'nodemon', null ]
5 verbose cache add name=undefined spec="nodemon" args=["nodemon",null]
6 verbose parsed url { protocol: null,
6 verbose parsed url   slashes: null,
6 verbose parsed url   auth: null,
6 verbose parsed url   host: null,
6 verbose parsed url   port: null,
6 verbose parsed url   hostname: null,
6 verbose parsed url   hash: null,
6 verbose parsed url   search: null,
6 verbose parsed url   query: null,
6 verbose parsed url   pathname: 'nodemon',
6 verbose parsed url   path: 'nodemon',
6 verbose parsed url   href: 'nodemon' }
7 silly lockFile 1625b929-nodemon nodemon
8 verbose lock nodemon /home/vagrant/.npm/1625b929-nodemon.lock
9 silly lockFile 1625b929-nodemon nodemon
10 silly lockFile 1625b929-nodemon nodemon
11 verbose addNamed [ 'nodemon', '' ]
12 verbose addNamed [ null, '*' ]
13 silly lockFile 4f5e51c6-nodemon nodemon@
14 verbose lock nodemon@ /home/vagrant/.npm/4f5e51c6-nodemon.lock
15 silly addNameRange { name: 'nodemon', range: '*', hasData: false }
16 verbose url raw nodemon
17 verbose url resolving [ 'https://registry.npmjs.org/', './nodemon' ]
18 verbose url resolved https://registry.npmjs.org/nodemon
19 info trying registry request attempt 1 at 23:56:16
20 http GET https://registry.npmjs.org/nodemon
21 http 200 https://registry.npmjs.org/nodemon
22 silly registry.get cb [ 200,
22 silly registry.get   { date: 'Thu, 20 Feb 2014 00:12:27 GMT',
22 silly registry.get     server: 'CouchDB/1.5.0 (Erlang OTP/R16B)',
22 silly registry.get     etag: '"E8F9334JW7FQ7487ME3KZN0OM"',
22 silly registry.get     'content-type': 'application/json',
22 silly registry.get     via: '1.1 varnish',
22 silly registry.get     'cache-control': 'max-age=1',
22 silly registry.get     'content-length': '102620',
22 silly registry.get     'accept-ranges': 'bytes',
22 silly registry.get     age: '1229',
22 silly registry.get     'x-served-by': 'cache-v44-ASH, cache-lax1433-LAX',
22 silly registry.get     'x-cache': 'HIT, HIT',
22 silly registry.get     'x-cache-hits': '1, 1',
22 silly registry.get     'x-timer': 'S1392823337.549083471,VS0,VS29,VE43,VE31810043',
22 silly registry.get     vary: 'Accept',
22 silly registry.get     'keep-alive': 'timeout=10, max=50',
22 silly registry.get     connection: 'Keep-Alive' } ]
23 silly addNameRange number 2 { name: 'nodemon', range: '*', hasData: true }
24 silly addNameRange versions [ 'nodemon',
24 silly addNameRange   [ '0.1.4',
24 silly addNameRange     '0.1.5',
24 silly addNameRange     '0.1.6',
24 silly addNameRange     '0.1.7',
24 silly addNameRange     '0.1.8',
24 silly addNameRange     '0.2.0',
24 silly addNameRange     '0.2.1',
24 silly addNameRange     '0.2.2',
24 silly addNameRange     '0.3.0',
24 silly addNameRange     '0.3.1',
24 silly addNameRange     '0.3.2',
24 silly addNameRange     '0.4.0',
24 silly addNameRange     '0.4.1',
24 silly addNameRange     '0.5.0',
24 silly addNameRange     '0.5.1',
24 silly addNameRange     '0.5.2',
24 silly addNameRange     '0.5.3',
24 silly addNameRange     '0.5.4',
24 silly addNameRange     '0.5.5',
24 silly addNameRange     '0.5.6',
24 silly addNameRange     '0.5.7',
24 silly addNameRange     '0.6.0',
24 silly addNameRange     '0.6.1',
24 silly addNameRange     '0.6.2',
24 silly addNameRange     '0.6.3',
24 silly addNameRange     '0.6.4',
24 silly addNameRange     '0.6.5',
24 silly addNameRange     '0.6.6',
24 silly addNameRange     '0.6.7',
24 silly addNameRange     '0.6.8',
24 silly addNameRange     '0.6.9',
24 silly addNameRange     '0.6.10',
24 silly addNameRange     '0.6.11',
24 silly addNameRange     '0.6.12',
24 silly addNameRange     '0.6.13',
24 silly addNameRange     '0.6.14',
24 silly addNameRange     '0.6.15',
24 silly addNameRange     '0.6.16',
24 silly addNameRange     '0.6.17',
24 silly addNameRange     '0.6.18',
24 silly addNameRange     '0.6.19',
24 silly addNameRange     '0.6.20',
24 silly addNameRange     '0.6.21',
24 silly addNameRange     '0.6.22',
24 silly addNameRange     '0.6.23',
24 silly addNameRange     '0.7.0',
24 silly addNameRange     '0.7.1',
24 silly addNameRange     '0.7.2',
24 silly addNameRange     '0.7.3',
24 silly addNameRange     '0.7.4',
24 silly addNameRange     '0.7.5',
24 silly addNameRange     '0.7.6',
24 silly addNameRange     '0.7.7',
24 silly addNameRange     '0.7.8',
24 silly addNameRange     '0.7.10',
24 silly addNameRange     '0.9.0',
24 silly addNameRange     '0.9.1',
24 silly addNameRange     '0.9.2',
24 silly addNameRange     '0.9.3',
24 silly addNameRange     '0.9.5',
24 silly addNameRange     '0.9.6',
24 silly addNameRange     '0.9.7',
24 silly addNameRange     '0.9.10',
24 silly addNameRange     '0.9.11',
24 silly addNameRange     '0.9.12',
24 silly addNameRange     '0.9.14',
24 silly addNameRange     '0.9.16',
24 silly addNameRange     '0.9.17',
24 silly addNameRange     '1.0.0',
24 silly addNameRange     '1.0.1',
24 silly addNameRange     '1.0.2',
24 silly addNameRange     '1.0.2-rc',
24 silly addNameRange     '0.6.10-a',
24 silly addNameRange     '1.0.2-rc3',
24 silly addNameRange     '1.0.2-rc4',
24 silly addNameRange     '1.0.3',
24 silly addNameRange     '1.0.4',
24 silly addNameRange     '1.0.5',
24 silly addNameRange     '1.0.6',
24 silly addNameRange     '1.0.7',
24 silly addNameRange     '1.0.8',
24 silly addNameRange     '1.0.9',
24 silly addNameRange     '1.0.10',
24 silly addNameRange     '1.0.11',
24 silly addNameRange     '1.0.12',
24 silly addNameRange     '1.0.13',
24 silly addNameRange     '1.0.14',
24 silly addNameRange     '1.0.15' ] ]
25 verbose addNamed [ 'nodemon', '1.0.15' ]
26 verbose addNamed [ '1.0.15', '1.0.15' ]
27 silly lockFile fdc88aa4-nodemon-1-0-15 nodemon@1.0.15
28 verbose lock nodemon@1.0.15 /home/vagrant/.npm/fdc88aa4-nodemon-1-0-15.lock
29 silly lockFile d7666411-s-org-nodemon-nodemon-1-0-15-tgz https://registry.npmjs.org/nodemon/-/nodemon-1.0.15.tgz
30 verbose lock https://registry.npmjs.org/nodemon/-/nodemon-1.0.15.tgz /home/vagrant/.npm/d7666411-s-org-nodemon-nodemon-1-0-15-tgz.lock
31 verbose addRemoteTarball [ 'https://registry.npmjs.org/nodemon/-/nodemon-1.0.15.tgz',
31 verbose addRemoteTarball   '32efa6b8134d579dca8894cd9e8a27d381387f11' ]
32 info retry fetch attempt 1 at 23:56:25
33 verbose fetch to= /home/vagrant/tmp/npm-4514-iIQ4Sp5L/1392854185533-0.17398771736770868/tmp.tgz
34 http GET https://registry.npmjs.org/nodemon/-/nodemon-1.0.15.tgz
35 http 200 https://registry.npmjs.org/nodemon/-/nodemon-1.0.15.tgz
36 verbose tar unpack /home/vagrant/tmp/npm-4514-iIQ4Sp5L/1392854185533-0.17398771736770868/tmp.tgz
37 silly lockFile 260643c3-5533-0-17398771736770868-package tar:///home/vagrant/tmp/npm-4514-iIQ4Sp5L/1392854185533-0.17398771736770868/package
38 verbose lock tar:///home/vagrant/tmp/npm-4514-iIQ4Sp5L/1392854185533-0.17398771736770868/package /home/vagrant/.npm/260643c3-5533-0-17398771736770868-package.lock
39 silly lockFile 4071cbbc-5533-0-17398771736770868-tmp-tgz tar:///home/vagrant/tmp/npm-4514-iIQ4Sp5L/1392854185533-0.17398771736770868/tmp.tgz
40 verbose lock tar:///home/vagrant/tmp/npm-4514-iIQ4Sp5L/1392854185533-0.17398771736770868/tmp.tgz /home/vagrant/.npm/4071cbbc-5533-0-17398771736770868-tmp-tgz.lock
41 silly gunzTarPerm modes [ '755', '644' ]
42 silly gunzTarPerm extractEntry package.json
43 silly gunzTarPerm extractEntry .npmignore
44 silly gunzTarPerm extractEntry README.md
45 silly gunzTarPerm extractEntry coverage/coverage.json
46 silly gunzTarPerm extractEntry coverage/lcov-report/prettify.js
47 silly gunzTarPerm extractEntry coverage/lcov-report/index.html
48 silly gunzTarPerm extractEntry coverage/lcov-report/lib/cli/index.html
49 silly gunzTarPerm extractEntry coverage/lcov-report/lib/cli/index.js.html
50 silly gunzTarPerm extractEntry coverage/lcov-report/lib/cli/parse.js.html
51 silly gunzTarPerm extractEntry coverage/lcov-report/lib/config/checkWatchSupport.js.html
52 silly gunzTarPerm extractEntry coverage/lcov-report/lib/config/defaults.js.html
53 silly gunzTarPerm extractEntry coverage/lcov-report/lib/config/exec.js.html
54 silly gunzTarPerm extractEntry coverage/lcov-report/lib/config/index.html
55 silly gunzTarPerm extractEntry coverage/lcov-report/lib/config/index.js.html
56 silly gunzTarPerm extractEntry coverage/lcov-report/lib/config/load.js.html
57 silly gunzTarPerm extractEntry coverage/lcov-report/lib/config/watchable.js.html
58 silly gunzTarPerm extractEntry coverage/lcov-report/lib/help/index.html
59 silly gunzTarPerm extractEntry coverage/lcov-report/lib/help/index.js.html
60 silly gunzTarPerm extractEntry coverage/lcov-report/lib/index.html
61 silly gunzTarPerm extractEntry coverage/lcov-report/lib/index.js.html
62 silly gunzTarPerm extractEntry coverage/lcov-report/lib/monitor/changed-since.js.html
63 silly gunzTarPerm extractEntry coverage/lcov-report/lib/monitor/index.html
64 silly gunzTarPerm extractEntry coverage/lcov-report/lib/monitor/index.js.html
65 silly gunzTarPerm extractEntry coverage/lcov-report/lib/monitor/match.js.html
66 silly gunzTarPerm extractEntry coverage/lcov-report/lib/monitor/run.js.html
67 silly gunzTarPerm extractEntry coverage/lcov-report/lib/monitor/watch.js.html
68 silly gunzTarPerm extractEntry coverage/lcov-report/lib/nodemon.js.html
69 silly gunzTarPerm extractEntry coverage/lcov-report/lib/rules/add.js.html
70 silly gunzTarPerm extractEntry coverage/lcov-report/lib/rules/index.html
71 silly gunzTarPerm extractEntry coverage/lcov-report/lib/rules/index.js.html
72 silly gunzTarPerm extractEntry coverage/lcov-report/lib/rules/parse.js.html
73 silly gunzTarPerm extractEntry coverage/lcov-report/lib/utils/bus.js.html
74 silly gunzTarPerm extractEntry coverage/lcov-report/lib/utils/clone.js.html
75 silly gunzTarPerm extractEntry coverage/lcov-report/lib/utils/colour.js.html
76 silly gunzTarPerm extractEntry coverage/lcov-report/lib/utils/index.html
77 silly gunzTarPerm extractEntry coverage/lcov-report/lib/utils/index.js.html
78 silly gunzTarPerm extractEntry coverage/lcov-report/lib/utils/log.js.html
79 silly gunzTarPerm extractEntry coverage/lcov-report/lib/utils/merge.js.html
80 silly gunzTarPerm extractEntry coverage/lcov-report/lib/version.js.html
81 silly gunzTarPerm extractEntry coverage/lcov-report/prettify.css
82 silly gunzTarPerm extractEntry coverage/lcov.info
83 silly gunzTarPerm extractEntry .jshintrc
84 silly gunzTarPerm extractEntry bin/nodemon.js
85 silly gunzTarPerm extractEntry .travis.yml
86 silly gunzTarPerm extractEntry doc/arch.md
87 silly gunzTarPerm extractEntry doc/cli/authors.txt
88 silly gunzTarPerm extractEntry doc/cli/config.txt
89 silly gunzTarPerm extractEntry doc/cli/help.txt
90 silly gunzTarPerm extractEntry doc/cli/logo.txt
91 silly gunzTarPerm extractEntry doc/cli/topics.txt
92 silly gunzTarPerm extractEntry doc/cli/usage.txt
93 silly gunzTarPerm extractEntry doc/cli/whoami.txt
94 silly gunzTarPerm extractEntry doc/events.md
95 silly gunzTarPerm extractEntry doc/requireable.md
96 silly gunzTarPerm extractEntry doc/rules.md
97 silly gunzTarPerm extractEntry doc/sample-nodemon.md
98 silly gunzTarPerm extractEntry faq.md
99 silly gunzTarPerm extractEntry lib/index.js
100 silly gunzTarPerm extractEntry lib/nodemon.js
101 silly gunzTarPerm extractEntry lib/version.js
102 silly gunzTarPerm extractEntry lib/cli/index.js
103 silly gunzTarPerm extractEntry lib/cli/parse.js
104 silly gunzTarPerm extractEntry lib/config/checkWatchSupport.js
105 silly gunzTarPerm extractEntry lib/config/command.js
106 silly gunzTarPerm extractEntry lib/config/defaults.js
107 silly gunzTarPerm extractEntry lib/config/exec.js
108 silly gunzTarPerm extractEntry lib/config/index.js
109 silly gunzTarPerm extractEntry lib/config/load.js
110 silly gunzTarPerm extractEntry lib/config/watchable.js
111 silly gunzTarPerm extractEntry lib/help/index.js
112 silly gunzTarPerm extractEntry lib/monitor/changed-since.js
113 silly gunzTarPerm extractEntry lib/monitor/index.js
114 silly gunzTarPerm extractEntry lib/monitor/match.js
115 silly gunzTarPerm extractEntry lib/monitor/run.js
116 silly gunzTarPerm extractEntry lib/monitor/watch.js
117 silly gunzTarPerm extractEntry lib/rules/add.js
118 silly gunzTarPerm extractEntry lib/rules/index.js
119 silly gunzTarPerm extractEntry lib/rules/parse.js
120 silly gunzTarPerm extractEntry lib/utils/bus.js
121 silly gunzTarPerm extractEntry lib/utils/clone.js
122 silly gunzTarPerm extractEntry lib/utils/colour.js
123 silly gunzTarPerm extractEntry lib/utils/index.js
124 silly gunzTarPerm extractEntry lib/utils/log.js
125 silly gunzTarPerm extractEntry lib/utils/merge.js
126 silly gunzTarPerm extractEntry CONTRIBUTING.md
127 silly gunzTarPerm extractEntry tmp/arg-test.js
128 silly gunzTarPerm extractEntry tmp/args.js
129 silly gunzTarPerm extractEntry tmp/die-test.js
130 silly gunzTarPerm extractEntry tmp/die.js
131 silly gunzTarPerm extractEntry tmp/test-rules.js
132 silly gunzTarPerm extractEntry tmp/213.coffee
133 silly gunzTarPerm extractEntry tmp/express-boilerplate/package.json
134 silly gunzTarPerm extractEntry tmp/express-boilerplate/.npmignore
135 silly gunzTarPerm extractEntry tmp/express-boilerplate/README.md
136 silly gunzTarPerm extractEntry tmp/express-boilerplate/config/default.json
137 silly gunzTarPerm extractEntry tmp/express-boilerplate/config/production.json
138 silly gunzTarPerm extractEntry tmp/express-boilerplate/config/remy.coffee
139 silly gunzTarPerm extractEntry tmp/express-boilerplate/config/runtime.json
140 silly gunzTarPerm extractEntry tmp/express-boilerplate/.bowerrc
141 silly gunzTarPerm extractEntry tmp/express-boilerplate/app/client/app.coffee
142 silly gunzTarPerm extractEntry tmp/express-boilerplate/app/client/dependencies.coffee
143 silly gunzTarPerm extractEntry tmp/express-boilerplate/app/server/index.coffee
144 silly gunzTarPerm extractEntry tmp/express-boilerplate/app/shared/helpers.coffee
145 silly gunzTarPerm extractEntry tmp/express-boilerplate/app.coffee
146 silly gunzTarPerm extractEntry tmp/express-boilerplate/bower.json
147 silly gunzTarPerm extractEntry tmp/express-boilerplate/Cakefile
148 silly gunzTarPerm extractEntry tmp/express-boilerplate/css/app.styl
149 silly gunzTarPerm extractEntry tmp/express-boilerplate/css/config.styl
150 silly gunzTarPerm extractEntry tmp/express-boilerplate/css/dependencies.styl
151 silly gunzTarPerm extractEntry tmp/express-boilerplate/etc/.gitkeep
152 silly gunzTarPerm extractEntry tmp/express-boilerplate/etc/init/maxdegterev.conf
153 silly gunzTarPerm extractEntry tmp/express-boilerplate/etc/nginx/maxdegterev.conf
154 silly gunzTarPerm extractEntry tmp/express-boilerplate/nodemon.json
155 silly gunzTarPerm extractEntry tmp/express-boilerplate/Gruntfile.coffee
156 silly gunzTarPerm extractEntry tmp/express-boilerplate/public/404.html
157 silly gunzTarPerm extractEntry tmp/express-boilerplate/public/apple-touch-icon-precomposed.png
158 silly gunzTarPerm extractEntry tmp/express-boilerplate/public/deploy.html
159 silly gunzTarPerm extractEntry tmp/express-boilerplate/public/favicon.ico
160 silly gunzTarPerm extractEntry tmp/express-boilerplate/public/fonts/.gitkeep
161 silly gunzTarPerm extractEntry tmp/express-boilerplate/public/humans.txt
162 silly gunzTarPerm extractEntry tmp/express-boilerplate/public/images/.gitkeep
163 silly gunzTarPerm extractEntry tmp/express-boilerplate/public/robots.txt
164 silly gunzTarPerm extractEntry tmp/express-boilerplate/vendor/.gitkeep
165 silly gunzTarPerm extractEntry tmp/express-boilerplate/vendor/plugins/.gitkeep
166 silly gunzTarPerm extractEntry tmp/express-boilerplate/views/client/sample_template.jade
167 silly gunzTarPerm extractEntry tmp/express-boilerplate/views/server/blocks/analytics.jade
168 silly gunzTarPerm extractEntry tmp/express-boilerplate/views/server/layout.jade
169 silly gunzTarPerm extractEntry tmp/express-boilerplate/views/server/remy.coffee
170 silly gunzTarPerm extractEntry tmp/express-boilerplate/views/server/remy.jade
171 silly gunzTarPerm extractEntry tmp/express-boilerplate/views/shared/.gitkeep
172 silly gunzTarPerm extractEntry tmp/nodemon-258.json
173 silly gunzTarPerm extractEntry tmp/nodemon-jsbin.json
174 silly gunzTarPerm extractEntry web/index.js
175 silly gunzTarPerm extractEntry web/index.html
176 silly lockFile 260643c3-5533-0-17398771736770868-package tar:///home/vagrant/tmp/npm-4514-iIQ4Sp5L/1392854185533-0.17398771736770868/package
177 silly lockFile 260643c3-5533-0-17398771736770868-package tar:///home/vagrant/tmp/npm-4514-iIQ4Sp5L/1392854185533-0.17398771736770868/package
178 silly lockFile 4071cbbc-5533-0-17398771736770868-tmp-tgz tar:///home/vagrant/tmp/npm-4514-iIQ4Sp5L/1392854185533-0.17398771736770868/tmp.tgz
179 silly lockFile 4071cbbc-5533-0-17398771736770868-tmp-tgz tar:///home/vagrant/tmp/npm-4514-iIQ4Sp5L/1392854185533-0.17398771736770868/tmp.tgz
180 verbose tar pack [ '/home/vagrant/.npm/nodemon/1.0.15/package.tgz',
180 verbose tar pack   '/home/vagrant/tmp/npm-4514-iIQ4Sp5L/1392854185533-0.17398771736770868/package' ]
181 verbose tarball /home/vagrant/.npm/nodemon/1.0.15/package.tgz
182 verbose folder /home/vagrant/tmp/npm-4514-iIQ4Sp5L/1392854185533-0.17398771736770868/package
183 silly lockFile 260643c3-5533-0-17398771736770868-package tar:///home/vagrant/tmp/npm-4514-iIQ4Sp5L/1392854185533-0.17398771736770868/package
184 verbose lock tar:///home/vagrant/tmp/npm-4514-iIQ4Sp5L/1392854185533-0.17398771736770868/package /home/vagrant/.npm/260643c3-5533-0-17398771736770868-package.lock
185 silly lockFile 4071f393-t-npm-nodemon-1-0-15-package-tgz tar:///home/vagrant/.npm/nodemon/1.0.15/package.tgz
186 verbose lock tar:///home/vagrant/.npm/nodemon/1.0.15/package.tgz /home/vagrant/.npm/4071f393-t-npm-nodemon-1-0-15-package-tgz.lock
187 silly lockFile 260643c3-5533-0-17398771736770868-package tar:///home/vagrant/tmp/npm-4514-iIQ4Sp5L/1392854185533-0.17398771736770868/package
188 silly lockFile 260643c3-5533-0-17398771736770868-package tar:///home/vagrant/tmp/npm-4514-iIQ4Sp5L/1392854185533-0.17398771736770868/package
189 silly lockFile 4071f393-t-npm-nodemon-1-0-15-package-tgz tar:///home/vagrant/.npm/nodemon/1.0.15/package.tgz
190 silly lockFile 4071f393-t-npm-nodemon-1-0-15-package-tgz tar:///home/vagrant/.npm/nodemon/1.0.15/package.tgz
191 silly lockFile 843d5462-grant-npm-nodemon-1-0-15-package /home/vagrant/.npm/nodemon/1.0.15/package
192 verbose lock /home/vagrant/.npm/nodemon/1.0.15/package /home/vagrant/.npm/843d5462-grant-npm-nodemon-1-0-15-package.lock
193 silly lockFile 843d5462-grant-npm-nodemon-1-0-15-package /home/vagrant/.npm/nodemon/1.0.15/package
194 silly lockFile 843d5462-grant-npm-nodemon-1-0-15-package /home/vagrant/.npm/nodemon/1.0.15/package
195 verbose tar unpack /home/vagrant/.npm/nodemon/1.0.15/package.tgz
196 silly lockFile eb21e6fd-grant-npm-nodemon-1-0-15-package tar:///home/vagrant/.npm/nodemon/1.0.15/package
197 verbose lock tar:///home/vagrant/.npm/nodemon/1.0.15/package /home/vagrant/.npm/eb21e6fd-grant-npm-nodemon-1-0-15-package.lock
198 silly lockFile 4071f393-t-npm-nodemon-1-0-15-package-tgz tar:///home/vagrant/.npm/nodemon/1.0.15/package.tgz
199 verbose lock tar:///home/vagrant/.npm/nodemon/1.0.15/package.tgz /home/vagrant/.npm/4071f393-t-npm-nodemon-1-0-15-package-tgz.lock
200 silly gunzTarPerm modes [ '755', '644' ]
201 silly gunzTarPerm extractEntry package.json
202 silly gunzTarPerm modified mode [ 'package.json', 384, 420 ]
203 silly gunzTarPerm extractEntry .npmignore
204 silly gunzTarPerm modified mode [ '.npmignore', 384, 420 ]
205 silly gunzTarPerm extractEntry README.md
206 silly gunzTarPerm modified mode [ 'README.md', 384, 420 ]
207 silly gunzTarPerm extractEntry coverage/coverage.json
208 silly gunzTarPerm modified mode [ 'coverage/coverage.json', 384, 420 ]
209 silly gunzTarPerm extractEntry coverage/lcov-report/prettify.js
210 silly gunzTarPerm modified mode [ 'coverage/lcov-report/prettify.js', 384, 420 ]
211 silly gunzTarPerm extractEntry coverage/lcov-report/index.html
212 silly gunzTarPerm modified mode [ 'coverage/lcov-report/index.html', 384, 420 ]
213 silly gunzTarPerm extractEntry coverage/lcov-report/lib/cli/index.html
214 silly gunzTarPerm modified mode [ 'coverage/lcov-report/lib/cli/index.html', 384, 420 ]
215 silly gunzTarPerm extractEntry coverage/lcov-report/lib/cli/index.js.html
216 silly gunzTarPerm modified mode [ 'coverage/lcov-report/lib/cli/index.js.html', 384, 420 ]
217 silly gunzTarPerm extractEntry coverage/lcov-report/lib/cli/parse.js.html
218 silly gunzTarPerm modified mode [ 'coverage/lcov-report/lib/cli/parse.js.html', 384, 420 ]
219 silly gunzTarPerm extractEntry coverage/lcov-report/lib/config/checkWatchSupport.js.html
220 silly gunzTarPerm modified mode [ 'coverage/lcov-report/lib/config/checkWatchSupport.js.html',
220 silly gunzTarPerm   384,
220 silly gunzTarPerm   420 ]
221 silly gunzTarPerm extractEntry coverage/lcov-report/lib/config/defaults.js.html
222 silly gunzTarPerm modified mode [ 'coverage/lcov-report/lib/config/defaults.js.html', 384, 420 ]
223 silly gunzTarPerm extractEntry coverage/lcov-report/lib/config/exec.js.html
224 silly gunzTarPerm modified mode [ 'coverage/lcov-report/lib/config/exec.js.html', 384, 420 ]
225 silly gunzTarPerm extractEntry coverage/lcov-report/lib/config/index.html
226 silly gunzTarPerm modified mode [ 'coverage/lcov-report/lib/config/index.html', 384, 420 ]
227 silly gunzTarPerm extractEntry coverage/lcov-report/lib/config/index.js.html
228 silly gunzTarPerm modified mode [ 'coverage/lcov-report/lib/config/index.js.html', 384, 420 ]
229 silly gunzTarPerm extractEntry coverage/lcov-report/lib/config/load.js.html
230 silly gunzTarPerm modified mode [ 'coverage/lcov-report/lib/config/load.js.html', 384, 420 ]
231 silly gunzTarPerm extractEntry coverage/lcov-report/lib/config/watchable.js.html
232 silly gunzTarPerm modified mode [ 'coverage/lcov-report/lib/config/watchable.js.html', 384, 420 ]
233 silly gunzTarPerm extractEntry coverage/lcov-report/lib/help/index.html
234 silly gunzTarPerm modified mode [ 'coverage/lcov-report/lib/help/index.html', 384, 420 ]
235 silly gunzTarPerm extractEntry coverage/lcov-report/lib/help/index.js.html
236 silly gunzTarPerm modified mode [ 'coverage/lcov-report/lib/help/index.js.html', 384, 420 ]
237 silly gunzTarPerm extractEntry coverage/lcov-report/lib/index.html
238 silly gunzTarPerm modified mode [ 'coverage/lcov-report/lib/index.html', 384, 420 ]
239 silly gunzTarPerm extractEntry coverage/lcov-report/lib/index.js.html
240 silly gunzTarPerm modified mode [ 'coverage/lcov-report/lib/index.js.html', 384, 420 ]
241 silly gunzTarPerm extractEntry coverage/lcov-report/lib/monitor/changed-since.js.html
242 silly gunzTarPerm modified mode [ 'coverage/lcov-report/lib/monitor/changed-since.js.html',
242 silly gunzTarPerm   384,
242 silly gunzTarPerm   420 ]
243 silly gunzTarPerm extractEntry coverage/lcov-report/lib/monitor/index.html
244 silly gunzTarPerm modified mode [ 'coverage/lcov-report/lib/monitor/index.html', 384, 420 ]
245 silly gunzTarPerm extractEntry coverage/lcov-report/lib/monitor/index.js.html
246 silly gunzTarPerm modified mode [ 'coverage/lcov-report/lib/monitor/index.js.html', 384, 420 ]
247 silly gunzTarPerm extractEntry coverage/lcov-report/lib/monitor/match.js.html
248 silly gunzTarPerm modified mode [ 'coverage/lcov-report/lib/monitor/match.js.html', 384, 420 ]
249 silly gunzTarPerm extractEntry coverage/lcov-report/lib/monitor/run.js.html
250 silly gunzTarPerm modified mode [ 'coverage/lcov-report/lib/monitor/run.js.html', 384, 420 ]
251 silly gunzTarPerm extractEntry coverage/lcov-report/lib/monitor/watch.js.html
252 silly gunzTarPerm modified mode [ 'coverage/lcov-report/lib/monitor/watch.js.html', 384, 420 ]
253 silly gunzTarPerm extractEntry coverage/lcov-report/lib/nodemon.js.html
254 silly gunzTarPerm modified mode [ 'coverage/lcov-report/lib/nodemon.js.html', 384, 420 ]
255 silly gunzTarPerm extractEntry coverage/lcov-report/lib/rules/add.js.html
256 silly gunzTarPerm modified mode [ 'coverage/lcov-report/lib/rules/add.js.html', 384, 420 ]
257 silly gunzTarPerm extractEntry coverage/lcov-report/lib/rules/index.html
258 silly gunzTarPerm modified mode [ 'coverage/lcov-report/lib/rules/index.html', 384, 420 ]
259 silly gunzTarPerm extractEntry coverage/lcov-report/lib/rules/index.js.html
260 silly gunzTarPerm modified mode [ 'coverage/lcov-report/lib/rules/index.js.html', 384, 420 ]
261 silly gunzTarPerm extractEntry coverage/lcov-report/lib/rules/parse.js.html
262 silly gunzTarPerm modified mode [ 'coverage/lcov-report/lib/rules/parse.js.html', 384, 420 ]
263 silly gunzTarPerm extractEntry coverage/lcov-report/lib/utils/bus.js.html
264 silly gunzTarPerm modified mode [ 'coverage/lcov-report/lib/utils/bus.js.html', 384, 420 ]
265 silly gunzTarPerm extractEntry coverage/lcov-report/lib/utils/clone.js.html
266 silly gunzTarPerm modified mode [ 'coverage/lcov-report/lib/utils/clone.js.html', 384, 420 ]
267 silly gunzTarPerm extractEntry coverage/lcov-report/lib/utils/colour.js.html
268 silly gunzTarPerm modified mode [ 'coverage/lcov-report/lib/utils/colour.js.html', 384, 420 ]
269 silly gunzTarPerm extractEntry coverage/lcov-report/lib/utils/index.html
270 silly gunzTarPerm modified mode [ 'coverage/lcov-report/lib/utils/index.html', 384, 420 ]
271 silly gunzTarPerm extractEntry coverage/lcov-report/lib/utils/index.js.html
272 silly gunzTarPerm modified mode [ 'coverage/lcov-report/lib/utils/index.js.html', 384, 420 ]
273 silly gunzTarPerm extractEntry coverage/lcov-report/lib/utils/log.js.html
274 silly gunzTarPerm modified mode [ 'coverage/lcov-report/lib/utils/log.js.html', 384, 420 ]
275 silly gunzTarPerm extractEntry coverage/lcov-report/lib/utils/merge.js.html
276 silly gunzTarPerm modified mode [ 'coverage/lcov-report/lib/utils/merge.js.html', 384, 420 ]
277 silly gunzTarPerm extractEntry coverage/lcov-report/lib/version.js.html
278 silly gunzTarPerm modified mode [ 'coverage/lcov-report/lib/version.js.html', 384, 420 ]
279 silly gunzTarPerm extractEntry coverage/lcov-report/prettify.css
280 silly gunzTarPerm modified mode [ 'coverage/lcov-report/prettify.css', 384, 420 ]
281 silly gunzTarPerm extractEntry coverage/lcov.info
282 silly gunzTarPerm modified mode [ 'coverage/lcov.info', 384, 420 ]
283 silly gunzTarPerm extractEntry .jshintrc
284 silly gunzTarPerm modified mode [ '.jshintrc', 384, 420 ]
285 silly gunzTarPerm extractEntry bin/nodemon.js
286 silly gunzTarPerm modified mode [ 'bin/nodemon.js', 384, 420 ]
287 silly gunzTarPerm extractEntry .travis.yml
288 silly gunzTarPerm modified mode [ '.travis.yml', 384, 420 ]
289 silly gunzTarPerm extractEntry doc/arch.md
290 silly gunzTarPerm modified mode [ 'doc/arch.md', 384, 420 ]
291 silly gunzTarPerm extractEntry doc/cli/authors.txt
292 silly gunzTarPerm modified mode [ 'doc/cli/authors.txt', 384, 420 ]
293 silly gunzTarPerm extractEntry doc/cli/config.txt
294 silly gunzTarPerm modified mode [ 'doc/cli/config.txt', 384, 420 ]
295 silly gunzTarPerm extractEntry doc/cli/help.txt
296 silly gunzTarPerm modified mode [ 'doc/cli/help.txt', 384, 420 ]
297 silly gunzTarPerm extractEntry doc/cli/logo.txt
298 silly gunzTarPerm modified mode [ 'doc/cli/logo.txt', 384, 420 ]
299 silly gunzTarPerm extractEntry doc/cli/topics.txt
300 silly gunzTarPerm modified mode [ 'doc/cli/topics.txt', 384, 420 ]
301 silly gunzTarPerm extractEntry doc/cli/usage.txt
302 silly gunzTarPerm modified mode [ 'doc/cli/usage.txt', 384, 420 ]
303 silly gunzTarPerm extractEntry doc/cli/whoami.txt
304 silly gunzTarPerm modified mode [ 'doc/cli/whoami.txt', 384, 420 ]
305 silly gunzTarPerm extractEntry doc/events.md
306 silly gunzTarPerm modified mode [ 'doc/events.md', 384, 420 ]
307 silly gunzTarPerm extractEntry doc/requireable.md
308 silly gunzTarPerm modified mode [ 'doc/requireable.md', 384, 420 ]
309 silly gunzTarPerm extractEntry doc/rules.md
310 silly gunzTarPerm modified mode [ 'doc/rules.md', 384, 420 ]
311 silly gunzTarPerm extractEntry doc/sample-nodemon.md
312 silly gunzTarPerm modified mode [ 'doc/sample-nodemon.md', 384, 420 ]
313 silly gunzTarPerm extractEntry faq.md
314 silly gunzTarPerm modified mode [ 'faq.md', 384, 420 ]
315 silly gunzTarPerm extractEntry lib/index.js
316 silly gunzTarPerm modified mode [ 'lib/index.js', 384, 420 ]
317 silly gunzTarPerm extractEntry lib/nodemon.js
318 silly gunzTarPerm modified mode [ 'lib/nodemon.js', 384, 420 ]
319 silly gunzTarPerm extractEntry lib/version.js
320 silly gunzTarPerm modified mode [ 'lib/version.js', 384, 420 ]
321 silly gunzTarPerm extractEntry lib/cli/index.js
322 silly gunzTarPerm modified mode [ 'lib/cli/index.js', 384, 420 ]
323 silly gunzTarPerm extractEntry lib/cli/parse.js
324 silly gunzTarPerm modified mode [ 'lib/cli/parse.js', 384, 420 ]
325 silly gunzTarPerm extractEntry lib/config/checkWatchSupport.js
326 silly gunzTarPerm modified mode [ 'lib/config/checkWatchSupport.js', 384, 420 ]
327 silly gunzTarPerm extractEntry lib/config/command.js
328 silly gunzTarPerm modified mode [ 'lib/config/command.js', 384, 420 ]
329 silly gunzTarPerm extractEntry lib/config/defaults.js
330 silly gunzTarPerm modified mode [ 'lib/config/defaults.js', 384, 420 ]
331 silly gunzTarPerm extractEntry lib/config/exec.js
332 silly gunzTarPerm modified mode [ 'lib/config/exec.js', 384, 420 ]
333 silly gunzTarPerm extractEntry lib/config/index.js
334 silly gunzTarPerm modified mode [ 'lib/config/index.js', 384, 420 ]
335 silly gunzTarPerm extractEntry lib/config/load.js
336 silly gunzTarPerm modified mode [ 'lib/config/load.js', 384, 420 ]
337 silly gunzTarPerm extractEntry lib/config/watchable.js
338 silly gunzTarPerm modified mode [ 'lib/config/watchable.js', 384, 420 ]
339 silly gunzTarPerm extractEntry lib/help/index.js
340 silly gunzTarPerm modified mode [ 'lib/help/index.js', 384, 420 ]
341 silly gunzTarPerm extractEntry lib/monitor/changed-since.js
342 silly gunzTarPerm modified mode [ 'lib/monitor/changed-since.js', 384, 420 ]
343 silly gunzTarPerm extractEntry lib/monitor/index.js
344 silly gunzTarPerm modified mode [ 'lib/monitor/index.js', 384, 420 ]
345 silly gunzTarPerm extractEntry lib/monitor/match.js
346 silly gunzTarPerm modified mode [ 'lib/monitor/match.js', 384, 420 ]
347 silly gunzTarPerm extractEntry lib/monitor/run.js
348 silly gunzTarPerm modified mode [ 'lib/monitor/run.js', 384, 420 ]
349 silly gunzTarPerm extractEntry lib/monitor/watch.js
350 silly gunzTarPerm modified mode [ 'lib/monitor/watch.js', 384, 420 ]
351 silly gunzTarPerm extractEntry lib/rules/add.js
352 silly gunzTarPerm modified mode [ 'lib/rules/add.js', 384, 420 ]
353 silly gunzTarPerm extractEntry lib/rules/index.js
354 silly gunzTarPerm modified mode [ 'lib/rules/index.js', 384, 420 ]
355 silly gunzTarPerm extractEntry lib/rules/parse.js
356 silly gunzTarPerm modified mode [ 'lib/rules/parse.js', 384, 420 ]
357 silly gunzTarPerm extractEntry lib/utils/bus.js
358 silly gunzTarPerm modified mode [ 'lib/utils/bus.js', 384, 420 ]
359 silly gunzTarPerm extractEntry lib/utils/clone.js
360 silly gunzTarPerm modified mode [ 'lib/utils/clone.js', 384, 420 ]
361 silly gunzTarPerm extractEntry lib/utils/colour.js
362 silly gunzTarPerm modified mode [ 'lib/utils/colour.js', 384, 420 ]
363 silly gunzTarPerm extractEntry lib/utils/index.js
364 silly gunzTarPerm modified mode [ 'lib/utils/index.js', 384, 420 ]
365 silly gunzTarPerm extractEntry lib/utils/log.js
366 silly gunzTarPerm modified mode [ 'lib/utils/log.js', 384, 420 ]
367 silly gunzTarPerm extractEntry lib/utils/merge.js
368 silly gunzTarPerm modified mode [ 'lib/utils/merge.js', 384, 420 ]
369 silly gunzTarPerm extractEntry CONTRIBUTING.md
370 silly gunzTarPerm modified mode [ 'CONTRIBUTING.md', 384, 420 ]
371 silly gunzTarPerm extractEntry tmp/arg-test.js
372 silly gunzTarPerm modified mode [ 'tmp/arg-test.js', 384, 420 ]
373 silly gunzTarPerm extractEntry tmp/args.js
374 silly gunzTarPerm modified mode [ 'tmp/args.js', 384, 420 ]
375 silly gunzTarPerm extractEntry tmp/die-test.js
376 silly gunzTarPerm modified mode [ 'tmp/die-test.js', 384, 420 ]
377 silly gunzTarPerm extractEntry tmp/die.js
378 silly gunzTarPerm modified mode [ 'tmp/die.js', 384, 420 ]
379 silly gunzTarPerm extractEntry tmp/test-rules.js
380 silly gunzTarPerm modified mode [ 'tmp/test-rules.js', 384, 420 ]
381 silly gunzTarPerm extractEntry tmp/213.coffee
382 silly gunzTarPerm modified mode [ 'tmp/213.coffee', 384, 420 ]
383 silly gunzTarPerm extractEntry tmp/express-boilerplate/package.json
384 silly gunzTarPerm modified mode [ 'tmp/express-boilerplate/package.json', 384, 420 ]
385 silly gunzTarPerm extractEntry tmp/express-boilerplate/.npmignore
386 silly gunzTarPerm modified mode [ 'tmp/express-boilerplate/.npmignore', 384, 420 ]
387 silly gunzTarPerm extractEntry tmp/express-boilerplate/README.md
388 silly gunzTarPerm modified mode [ 'tmp/express-boilerplate/README.md', 384, 420 ]
389 silly gunzTarPerm extractEntry tmp/express-boilerplate/config/default.json
390 silly gunzTarPerm modified mode [ 'tmp/express-boilerplate/config/default.json', 384, 420 ]
391 silly gunzTarPerm extractEntry tmp/express-boilerplate/config/production.json
392 silly gunzTarPerm modified mode [ 'tmp/express-boilerplate/config/production.json', 384, 420 ]
393 silly gunzTarPerm extractEntry tmp/express-boilerplate/config/remy.coffee
394 silly gunzTarPerm modified mode [ 'tmp/express-boilerplate/config/remy.coffee', 384, 420 ]
395 silly gunzTarPerm extractEntry tmp/express-boilerplate/config/runtime.json
396 silly gunzTarPerm modified mode [ 'tmp/express-boilerplate/config/runtime.json', 384, 420 ]
397 silly gunzTarPerm extractEntry tmp/express-boilerplate/.bowerrc
398 silly gunzTarPerm modified mode [ 'tmp/express-boilerplate/.bowerrc', 384, 420 ]
399 silly gunzTarPerm extractEntry tmp/express-boilerplate/app/client/app.coffee
400 silly gunzTarPerm modified mode [ 'tmp/express-boilerplate/app/client/app.coffee', 384, 420 ]
401 silly gunzTarPerm extractEntry tmp/express-boilerplate/app/client/dependencies.coffee
402 silly gunzTarPerm modified mode [ 'tmp/express-boilerplate/app/client/dependencies.coffee',
402 silly gunzTarPerm   384,
402 silly gunzTarPerm   420 ]
403 silly gunzTarPerm extractEntry tmp/express-boilerplate/app/server/index.coffee
404 silly gunzTarPerm modified mode [ 'tmp/express-boilerplate/app/server/index.coffee', 384, 420 ]
405 silly gunzTarPerm extractEntry tmp/express-boilerplate/app/shared/helpers.coffee
406 silly gunzTarPerm modified mode [ 'tmp/express-boilerplate/app/shared/helpers.coffee', 384, 420 ]
407 silly gunzTarPerm extractEntry tmp/express-boilerplate/app.coffee
408 silly gunzTarPerm modified mode [ 'tmp/express-boilerplate/app.coffee', 384, 420 ]
409 silly gunzTarPerm extractEntry tmp/express-boilerplate/bower.json
410 silly gunzTarPerm modified mode [ 'tmp/express-boilerplate/bower.json', 384, 420 ]
411 silly gunzTarPerm extractEntry tmp/express-boilerplate/Cakefile
412 silly gunzTarPerm modified mode [ 'tmp/express-boilerplate/Cakefile', 384, 420 ]
413 silly gunzTarPerm extractEntry tmp/express-boilerplate/css/app.styl
414 silly gunzTarPerm modified mode [ 'tmp/express-boilerplate/css/app.styl', 384, 420 ]
415 silly gunzTarPerm extractEntry tmp/express-boilerplate/css/config.styl
416 silly gunzTarPerm modified mode [ 'tmp/express-boilerplate/css/config.styl', 384, 420 ]
417 silly gunzTarPerm extractEntry tmp/express-boilerplate/css/dependencies.styl
418 silly gunzTarPerm modified mode [ 'tmp/express-boilerplate/css/dependencies.styl', 384, 420 ]
419 silly gunzTarPerm extractEntry tmp/express-boilerplate/etc/.gitkeep
420 silly gunzTarPerm modified mode [ 'tmp/express-boilerplate/etc/.gitkeep', 384, 420 ]
421 silly gunzTarPerm extractEntry tmp/express-boilerplate/etc/init/maxdegterev.conf
422 silly gunzTarPerm modified mode [ 'tmp/express-boilerplate/etc/init/maxdegterev.conf', 384, 420 ]
423 silly gunzTarPerm extractEntry tmp/express-boilerplate/etc/nginx/maxdegterev.conf
424 silly gunzTarPerm modified mode [ 'tmp/express-boilerplate/etc/nginx/maxdegterev.conf',
424 silly gunzTarPerm   384,
424 silly gunzTarPerm   420 ]
425 silly gunzTarPerm extractEntry tmp/express-boilerplate/nodemon.json
426 silly gunzTarPerm modified mode [ 'tmp/express-boilerplate/nodemon.json', 384, 420 ]
427 silly gunzTarPerm extractEntry tmp/express-boilerplate/Gruntfile.coffee
428 silly gunzTarPerm modified mode [ 'tmp/express-boilerplate/Gruntfile.coffee', 384, 420 ]
429 silly gunzTarPerm extractEntry tmp/express-boilerplate/public/404.html
430 silly gunzTarPerm modified mode [ 'tmp/express-boilerplate/public/404.html', 384, 420 ]
431 silly gunzTarPerm extractEntry tmp/express-boilerplate/public/apple-touch-icon-precomposed.png
432 silly gunzTarPerm modified mode [ 'tmp/express-boilerplate/public/apple-touch-icon-precomposed.png',
432 silly gunzTarPerm   384,
432 silly gunzTarPerm   420 ]
433 silly gunzTarPerm extractEntry tmp/express-boilerplate/public/deploy.html
434 silly gunzTarPerm modified mode [ 'tmp/express-boilerplate/public/deploy.html', 384, 420 ]
435 silly gunzTarPerm extractEntry tmp/express-boilerplate/public/favicon.ico
436 silly gunzTarPerm modified mode [ 'tmp/express-boilerplate/public/favicon.ico', 384, 420 ]
437 silly gunzTarPerm extractEntry tmp/express-boilerplate/public/fonts/.gitkeep
438 silly gunzTarPerm modified mode [ 'tmp/express-boilerplate/public/fonts/.gitkeep', 384, 420 ]
439 silly gunzTarPerm extractEntry tmp/express-boilerplate/public/humans.txt
440 silly gunzTarPerm modified mode [ 'tmp/express-boilerplate/public/humans.txt', 384, 420 ]
441 silly gunzTarPerm extractEntry tmp/express-boilerplate/public/images/.gitkeep
442 silly gunzTarPerm modified mode [ 'tmp/express-boilerplate/public/images/.gitkeep', 384, 420 ]
443 silly gunzTarPerm extractEntry tmp/express-boilerplate/public/robots.txt
444 silly gunzTarPerm modified mode [ 'tmp/express-boilerplate/public/robots.txt', 384, 420 ]
445 silly gunzTarPerm extractEntry tmp/express-boilerplate/vendor/.gitkeep
446 silly gunzTarPerm modified mode [ 'tmp/express-boilerplate/vendor/.gitkeep', 384, 420 ]
447 silly gunzTarPerm extractEntry tmp/express-boilerplate/vendor/plugins/.gitkeep
448 silly gunzTarPerm modified mode [ 'tmp/express-boilerplate/vendor/plugins/.gitkeep', 384, 420 ]
449 silly gunzTarPerm extractEntry tmp/express-boilerplate/views/client/sample_template.jade
450 silly gunzTarPerm modified mode [ 'tmp/express-boilerplate/views/client/sample_template.jade',
450 silly gunzTarPerm   384,
450 silly gunzTarPerm   420 ]
451 silly gunzTarPerm extractEntry tmp/express-boilerplate/views/server/blocks/analytics.jade
452 silly gunzTarPerm modified mode [ 'tmp/express-boilerplate/views/server/blocks/analytics.jade',
452 silly gunzTarPerm   384,
452 silly gunzTarPerm   420 ]
453 silly gunzTarPerm extractEntry tmp/express-boilerplate/views/server/layout.jade
454 silly gunzTarPerm modified mode [ 'tmp/express-boilerplate/views/server/layout.jade', 384, 420 ]
455 silly gunzTarPerm extractEntry tmp/express-boilerplate/views/server/remy.coffee
456 silly gunzTarPerm modified mode [ 'tmp/express-boilerplate/views/server/remy.coffee', 384, 420 ]
457 silly gunzTarPerm extractEntry tmp/express-boilerplate/views/server/remy.jade
458 silly gunzTarPerm modified mode [ 'tmp/express-boilerplate/views/server/remy.jade', 384, 420 ]
459 silly gunzTarPerm extractEntry tmp/express-boilerplate/views/shared/.gitkeep
460 silly gunzTarPerm modified mode [ 'tmp/express-boilerplate/views/shared/.gitkeep', 384, 420 ]
461 silly gunzTarPerm extractEntry tmp/nodemon-258.json
462 silly gunzTarPerm modified mode [ 'tmp/nodemon-258.json', 384, 420 ]
463 silly gunzTarPerm extractEntry tmp/nodemon-jsbin.json
464 silly gunzTarPerm modified mode [ 'tmp/nodemon-jsbin.json', 384, 420 ]
465 silly gunzTarPerm extractEntry web/index.js
466 silly gunzTarPerm modified mode [ 'web/index.js', 384, 420 ]
467 silly gunzTarPerm extractEntry web/index.html
468 silly gunzTarPerm modified mode [ 'web/index.html', 384, 420 ]
469 silly lockFile eb21e6fd-grant-npm-nodemon-1-0-15-package tar:///home/vagrant/.npm/nodemon/1.0.15/package
470 silly lockFile eb21e6fd-grant-npm-nodemon-1-0-15-package tar:///home/vagrant/.npm/nodemon/1.0.15/package
471 silly lockFile 4071f393-t-npm-nodemon-1-0-15-package-tgz tar:///home/vagrant/.npm/nodemon/1.0.15/package.tgz
472 silly lockFile 4071f393-t-npm-nodemon-1-0-15-package-tgz tar:///home/vagrant/.npm/nodemon/1.0.15/package.tgz
473 verbose chmod /home/vagrant/.npm/nodemon/1.0.15/package.tgz 644
474 verbose chown /home/vagrant/.npm/nodemon/1.0.15/package.tgz [ 1000, 1000 ]
475 silly lockFile d7666411-s-org-nodemon-nodemon-1-0-15-tgz https://registry.npmjs.org/nodemon/-/nodemon-1.0.15.tgz
476 silly lockFile d7666411-s-org-nodemon-nodemon-1-0-15-tgz https://registry.npmjs.org/nodemon/-/nodemon-1.0.15.tgz
477 silly lockFile fdc88aa4-nodemon-1-0-15 nodemon@1.0.15
478 silly lockFile fdc88aa4-nodemon-1-0-15 nodemon@1.0.15
479 silly lockFile 4f5e51c6-nodemon nodemon@
480 silly lockFile 4f5e51c6-nodemon nodemon@
481 silly resolved [ { name: 'nodemon',
481 silly resolved     homepage: 'http://nodemon.io',
481 silly resolved     author: { name: 'Remy Sharp', url: 'http://github.com/remy' },
481 silly resolved     bin: { nodemon: './bin/nodemon.js' },
481 silly resolved     repository: { type: 'git', url: 'http://github.com/remy/nodemon.git' },
481 silly resolved     description: 'Simple monitor script for use during development of a node.js app.',
481 silly resolved     keywords:
481 silly resolved      [ 'monitor',
481 silly resolved        'development',
481 silly resolved        'restart',
481 silly resolved        'autoload',
481 silly resolved        'reload',
481 silly resolved        'terminal' ],
481 silly resolved     version: '1.0.15',
481 silly resolved     preferGlobal: 'true',
481 silly resolved     licenses: [ [Object] ],
481 silly resolved     main: './lib/nodemon',
481 silly resolved     scripts:
481 silly resolved      { coverage: 'istanbul cover _mocha -- --timeout 20000 --ui bdd --reporter list test/**/*.test.js',
481 silly resolved        test: 'node_modules/mocha/bin/_mocha --timeout 20000 --ui bdd test/**/*.test.js',
481 silly resolved        web: 'node web' },
481 silly resolved     devDependencies:
481 silly resolved      { connect: '*',
481 silly resolved        mocha: '~1.12.0',
481 silly resolved        should: '~1.2.2',
481 silly resolved        istanbul: '~0.1.44',
481 silly resolved        touch: '0.0.2' },
481 silly resolved     dependencies: { 'update-notifier': '~0.1.7', minimatch: '~0.2.14' },
481 silly resolved     readme: '![nodemon logo](http://nodemon.io/nodemon.png)\n\n# nodemon\n\n[![Flattr this](http://api.flattr.com/button/flattr-badge-large.png)](http://flattr.com/thing/1211372/remynodemon-on-GitHub)\n\nFor use during development of a node.js based application.\n\nnodemon will watch the files in the directory that nodemon was started, and if they change, it will automatically restart your node application.\n\nnodemon does **not** require *any* changes to your code or method of development. nodemon simply wraps your node application and keeps an eye on any files that have changed. Remember that nodemon is a replacement wrapper for `node`, think of it as replacing the word "node" on the command line when you run your script.\n\n[![NPM version](https://badge.fury.io/js/nodemon.png)](http://badge.fury.io/js/nodemon)\n[![Travis Status](https://travis-ci.org/remy/nodemon.png)](https://travis-ci.org/remy/nodemon)\n\n# Installation\n\nEither through forking or by using [npm](http://npmjs.org) (the recommended way):\n\n    npm install -g nodemon\n\nAnd nodemon will be installed in to your bin path. Note that as of npm v1, you must explicitly tell npm to install globally as nodemon is a command line utility.\n\n# Usage\n\nnodemon wraps your application, so you can pass all the arguments you would normally pass to your app:\n\n    nodemon [your node app]\n\nFor example, if my application accepted a host and port as the arguments, I would start it as so:\n\n    nodemon ./server.js localhost 8080\n\nAny output from this script is prefixed with `[nodemon]`, otherwise all output from your application, errors included, will be echoed out as expected.\n\nnodemon also supports running and monitoring [coffee-script](http://jashkenas.github.com/coffee-script/) apps:\n\n    nodemon server.coffee\n\nIf no script is given, nodemon will test for a `package.json` file and if found, will run the file associated with the *main* property ([ref](https://github.com/remy/nodemon/issues/14)).\n\nYou can also pass the debug flag to node through the command line as you would normally:\n\n    nodemon --debug ./server.js 80\n\nIf you have a `package.json` file for your app, you can omit the main script entirely and nodemon will read the `package.json` for the `main` property and use that value as the app.\n\nAlso check out the [FAQ](https://github.com/remy/nodemon/blob/master/faq.md) or [issues](https://github.com/remy/nodemon/issues) for nodemon.\n\n## Automatic re-running\n\nnodemon was original written to restart hanging processes such as web servers, but now supports apps that cleanly exit. If your script exits cleanly, nodemon will continue to monitor the directory (or directories) and restart the script if there are any changes.\n\n## Manual restarting\n\nWhilst nodemon is running, if you need to manually restart your application, instead of stopping and restart nodemon, you can simply type `rs` with a carridge return, and nodemon will restart your process.\n\n## Config files\n\nnodemon supports local and global configuration files. These are named `nodemon.json` and can be located in the current working directory or in your home directory.\n\nThe specificity is as follows, so that a command line argument will always override the config file settings:\n\n- command line arguments\n- local config\n- global config\n\nA config file can take any of the command line arguments as JSON key values, for example:\n\n    {\n      "verbose": true,\n      "ignore": ["*.test.js", "fixtures/*"],\n      "execMap": {\n        "rb": "ruby",\n        "pde": "processing --sketch={{pwd}} --run"\n      }\n    }\n\nThe above `nodemon.json` file might be my global config so that I have support for ruby files and processing files, and I can simply run `nodemon demo.pde` and nodemon will automatically know how to run the script even though out of the box support for processing scripts.\n\nA further example of options can be seen in [sample-nodemon.md](https://github.com/remy/nodemon/blob/master/doc/sample-nodemon.md)\n\n*This section needs better documentation, but for now you can also see `nodemon --help config` ([also here](https://github.com/remy/nodemon/blob/master/doc/cli/config.txt))*.\n\n## Using nodemon as a module\n\nPlease see [doc/requireable.md](doc/requireable.md)\n\n## Running non-node scripts\n\nnodemon can also be used to execute and monitor other programs. nodemon will read the file extension of the script being run and monitor that extension instead of .js if there\'s no .nodemonignore:\n\n    nodemon --exec "python -v" ./app.py\n\nNow nodemon will run `app.py` with python in verbose mode (note that if you\'re not passing args to the exec program, you don\'t need the quotes), and look for new or modified files with the `.py` extension.\n\n### Default executables\n\nUsing the `nodemon.json` config file, you can define your own default executables using the `execMap` property. This is particularly useful if you\'re working with a language that isn\'t supported by default by nodemon.\n\nTo add support for nodemon to know about the .pl extension (for Perl), the nodemon.json file would add:\n\n    {\n      "execMap": {\n         "pl": "perl"\n      }\n    }\n\nNow running the following, nodemon will know to use `perl` as the executable:\n\n    nodemon script.pl\n\nIt\'s generally recommended to use the global `nodemon.json` to add your own `execMap` options. However, if there\'s a common default that\'s missing, this can be merged in to the project so that nodemon supports it by default, by changing [default.js](https://github.com/remy/nodemon/blob/master/lib/config/defaults.js) and sending a pull request.\n\n## Monitoring multiple directories\n\nBy default nodemon monitors the current working directory. If you want to take control of that option, use the `--watch` option to add specific paths:\n\n    nodemon --watch app --watch libs app/server.js\n\nNow nodemon will only restart if there are changes in the `./app` or `./libs` directory. By default nodemon will traverse sub-directories, so there\'s no need in explicitly including sub-directories.\n\n## Specifying extension watch list\n\nBy default, nodemon looks for files with the `.js`, `.coffee`, and `.litcoffee` extensions. If you use the `--exec` option and monitor `app.py` nodemon will monitor files with the extension of `.py`. However, you can specify your own list with the `-e` (or `--ext`) switch like so:\n\n    nodemon -e js,jade\n\nNow nodemon will restart on any changes to files in the directory (or subdirectories) with the extensions .js, .jade.\n\n## Ignoring files\n\nBy default, if nodemon will only restart when a `.js` JavaScript file changes. In some cases you will want to ignore some specific files, directories or file patterns, to prevent nodemon from prematurely restarting your application.\n\nThis can be done via the command line:\n\n    nodemon --ignore lib/ --ignore tests/\n\nOr specific files can be ignored:\n\n    nodemon --ignore lib/app.js\n\nPatterns can also be ignored (but be sure to quote the arguments):\n\n    nodemon --ignore \'lib/*.js\'\n\nNote that by default, nodemon will ignore the `.git` and `node_modules/**/node_modules` directories.\n\n## Delaying restarting\n\nIn some situations, you may want to wait until a number of files have changed. The timeout before checking for new file changes is 1 second. If you\'re uploading a number of files and it\'s taking some number of seconds, this could cause your app to restart multiple time unnecessarily.\n\nTo add an extra throttle, or delay restarting, use the `--delay` command:\n\n    nodemon --delay 10 server.js\n\nFor more precision, milliseconds can be specified.  Either as a float:\n\n    nodemon --delay 2.5 server.js\n\nOr using the time specifier (ms):\n\n    nodemon --delay 2500ms server.js\n\nThe delay figure is number of seconds (or milliseconds, if specified) to delay before restarting. So nodemon will only restart your app the given number of seconds after the *last* file change.\n\n## Controlling shutdown of your script\n\nnodemon sends a kill signal to your application when it sees a file update. If you need to clean up on shutdown inside your script you can capture the kill signal and handle it yourself.\n\nThe following example will listen once for the `SIGUSR2` signal (used by nodemon to restart), run the clean up process and then kill itself for nodemon to continue control:\n\n    process.once(\'SIGUSR2\', function () {\n      gracefulShutdown(function () {\n        process.kill(process.pid, \'SIGUSR2\');\n      })\n    });\n\nNote that the `process.kill` is *only* called once your shutdown jobs are complete. Hat tip to [Benjie Gillam](http://www.benjiegillam.com/2011/08/node-js-clean-restart-and-faster-development-with-nodemon/) for writing this technique up.\n\n## Using nodemon in your gulp workflow\n\nCheck out the [gulp-nodemon](https://github.com/JacksonGariety/gulp-nodemon) plugin to integrate nodemon with the rest of your project\'s gulp workflow.\n\n## Using nodemon in your Grunt workflow\n\nCheck out the [grunt-nodemon](https://github.com/ChrisWren/grunt-nodemon) plugin to integrate nodemon with the rest of your project\'s grunt workflow.\n\n# License\n\nMIT [http://rem.mit-license.org](http://rem.mit-license.org)\n',
481 silly resolved     readmeFilename: 'README.md',
481 silly resolved     bugs: { url: 'https://github.com/remy/nodemon/issues' },
481 silly resolved     _id: 'nodemon@1.0.15',
481 silly resolved     dist: { shasum: '6303f116e32dc5d495da11f85ca3de599959d73b' },
481 silly resolved     _from: 'nodemon@',
481 silly resolved     _resolved: 'https://registry.npmjs.org/nodemon/-/nodemon-1.0.15.tgz' } ]
482 info install nodemon@1.0.15 into /usr/local/lib
483 info installOne nodemon@1.0.15
484 info /usr/local/lib/node_modules/nodemon unbuild
485 verbose tar unpack /home/vagrant/.npm/nodemon/1.0.15/package.tgz
486 silly lockFile 15c6d46c-r-local-lib-node-modules-nodemon tar:///usr/local/lib/node_modules/nodemon
487 verbose lock tar:///usr/local/lib/node_modules/nodemon /home/vagrant/.npm/15c6d46c-r-local-lib-node-modules-nodemon.lock
488 silly lockFile 4071f393-t-npm-nodemon-1-0-15-package-tgz tar:///home/vagrant/.npm/nodemon/1.0.15/package.tgz
489 verbose lock tar:///home/vagrant/.npm/nodemon/1.0.15/package.tgz /home/vagrant/.npm/4071f393-t-npm-nodemon-1-0-15-package-tgz.lock
490 silly gunzTarPerm modes [ '755', '644' ]
491 error Error: EACCES, mkdir '/usr/local/lib/node_modules/nodemon'
491 error  { [Error: EACCES, mkdir '/usr/local/lib/node_modules/nodemon']
491 error   errno: 3,
491 error   code: 'EACCES',
491 error   path: '/usr/local/lib/node_modules/nodemon',
491 error   fstream_type: 'Directory',
491 error   fstream_path: '/usr/local/lib/node_modules/nodemon',
491 error   fstream_class: 'DirWriter',
491 error   fstream_stack:
491 error    [ '/usr/local/lib/node_modules/npm/node_modules/fstream/lib/dir-writer.js:36:23',
491 error      '/usr/local/lib/node_modules/npm/node_modules/mkdirp/index.js:37:53',
491 error      'Object.oncomplete (fs.js:107:15)' ] }
492 error Please try running this command again as root/Administrator.
493 error System Linux 3.2.0-23-generic-pae
494 error command "/usr/local/bin/node" "/usr/local/bin/npm" "install" "-g" "nodemon"
495 error cwd /home/vagrant/Project
496 error node -v v0.10.24
497 error npm -v 1.3.21
498 error path /usr/local/lib/node_modules/nodemon
499 error fstream_path /usr/local/lib/node_modules/nodemon
500 error fstream_type Directory
501 error fstream_class DirWriter
502 error code EACCES
503 error errno 3
504 error stack Error: EACCES, mkdir '/usr/local/lib/node_modules/nodemon'
505 error fstream_stack /usr/local/lib/node_modules/npm/node_modules/fstream/lib/dir-writer.js:36:23
505 error fstream_stack /usr/local/lib/node_modules/npm/node_modules/mkdirp/index.js:37:53
505 error fstream_stack Object.oncomplete (fs.js:107:15)
506 verbose exit [ 3, true ]
